2024-11-18T15:59:32.762Z - info: [ui] [AppStore] loading 0 repositories from store
2024-11-18T15:59:32.781Z - info: [ui] [Welcome] no sign in step found. ignoring...
2024-11-18T15:59:32.796Z - info: [ui] [Welcome] no sign in step found. ignoring...
2024-11-18T15:59:32.798Z - info: [ui] launching: 3.4.8-linux1 (Linux 6.11.8-arch1-2)
2024-11-18T15:59:32.799Z - info: [ui] execPath: '/opt/github-desktop/github-desktop'
2024-11-18T15:59:32.811Z - info: [ui] [Welcome] no sign in step found. ignoring...
2024-11-18T15:59:33.131Z - info: [ui] [Welcome] no sign in step found. ignoring...
2024-11-18T15:59:33.158Z - info: [ui] Opt in reported.
2024-11-18T15:59:34.127Z - info: [ui] [Welcome] no sign in step found. ignoring...
2024-11-18T15:59:34.426Z - info: [ui] [Welcome] no sign in step found. ignoring...
2024-11-18T15:59:35.101Z - info: [ui] [Welcome] advancing to step: SignInToDotComWithBrowser
2024-11-18T15:59:35.101Z - info: [ui] [SignInStore] initializing OAuth flow
2024-11-18T15:59:35.104Z - info: [main] opening in browser: https://github.com/login/oauth/authorize?client_id=3a723b10ac5575cc5bb9&scope=repo%20user%20workflow&state=9924b806-62d0-43d0-87e5-35a50fb85d25
2024-11-18T15:59:35.104Z - info: [ui] [SignInStore] account resolved
2024-11-18T15:59:35.104Z - info: [ui] [Welcome] current sign in state not found. ignoring...
2024-11-18T15:59:35.393Z - info: [ui] [Welcome] kind Authentication is the same as Authentication. ignoring...
2024-11-18T15:59:35.444Z - info: [ui] [Welcome] kind Authentication is the same as Authentication. ignoring...
2024-11-18T15:59:36.343Z - info: [ui] [Welcome] kind Authentication is the same as Authentication. ignoring...
2024-11-18T15:59:43.593Z - info: [ui] [Welcome] kind Authentication is the same as Authentication. ignoring...
2024-11-18T15:59:45.108Z - info: [ui] [Welcome] advancing to step: Start
2024-11-18T15:59:46.209Z - info: [ui] [Welcome] no sign in step found. ignoring...
2024-11-18T16:00:25.425Z - info: [ui] [Welcome] no sign in step found. ignoring...
2024-11-18T16:00:25.441Z - info: [ui] [Welcome] no sign in step found. ignoring...
2024-11-18T16:00:25.591Z - info: [ui] [Welcome] no sign in step found. ignoring...
2024-11-18T16:00:25.708Z - info: [ui] [Welcome] no sign in step found. ignoring...
2024-11-18T16:00:26.207Z - info: [ui] [Welcome] no sign in step found. ignoring...
2024-11-18T16:00:26.989Z - info: [ui] [Welcome] advancing to step: SignInToDotComWithBrowser
2024-11-18T16:00:26.991Z - info: [ui] [SignInStore] initializing OAuth flow
2024-11-18T16:00:26.991Z - info: [main] opening in browser: https://github.com/login/oauth/authorize?client_id=3a723b10ac5575cc5bb9&scope=repo%20user%20workflow&state=55bd7406-0c76-411f-bb66-6b2d385fbd9d
2024-11-18T16:00:26.991Z - info: [ui] [SignInStore] account resolved
2024-11-18T16:00:26.992Z - info: [ui] [SignInStore] OAuth error but session has changed: Error: cancelled
2024-11-18T16:00:26.992Z - info: [ui] [Welcome] kind Authentication is the same as Authentication. ignoring...
2024-11-18T16:00:27.224Z - info: [ui] [Welcome] kind Authentication is the same as Authentication. ignoring...
2024-11-18T16:00:27.258Z - info: [ui] [Welcome] kind Authentication is the same as Authentication. ignoring...
2024-11-18T16:00:27.333Z - info: [ui] [Welcome] kind Authentication is the same as Authentication. ignoring...
2024-11-18T16:00:33.465Z - info: [main] Received possible protocol arguments: 3
2024-11-18T16:00:33.465Z - info: [main] Processing protocol url
2024-11-18T16:00:33.474Z - info: [ui] [Welcome] kind Authentication is the same as Authentication. ignoring...
2024-11-18T16:00:33.573Z - info: [main] Received possible protocol arguments: 2
2024-11-18T16:00:33.576Z - info: [main] Processing protocol url
2024-11-18T16:00:33.990Z - info: [ui] [Welcome] kind Authentication is the same as Authentication. ignoring...
2024-11-18T16:00:34.549Z - info: [ui] [AppStore] adding account Sir-Winlix (Pedro Javier) to store
2024-11-18T16:00:34.557Z - info: [ui] [Welcome] advancing to step: ConfigureGit
2024-11-18T16:00:34.582Z - info: [ui] [Welcome] no sign in step found. ignoring...
2024-11-18T16:00:34.941Z - info: [ui] Subscribed 'Sir-Winlix' to Alive channel
2024-11-18T16:00:35.456Z - info: [ui] [Welcome] no sign in step found. ignoring...
2024-11-18T16:00:35.574Z - info: [ui] [Welcome] no sign in step found. ignoring...
2024-11-18T16:03:08.967Z - info: [ui] [AppStore] loading 0 repositories from store
2024-11-18T16:03:08.973Z - info: [ui] [AppStore] found account: Sir-Winlix (Pedro Javier)
2024-11-18T16:03:09.007Z - info: [ui] launching: 3.4.8-linux1 (Linux 6.11.8-arch1-2)
2024-11-18T16:03:09.008Z - info: [ui] execPath: '/opt/github-desktop/github-desktop'
2024-11-18T16:03:09.445Z - info: [ui] Stats reported.
2024-11-18T16:03:09.469Z - info: [ui] Subscribed 'Sir-Winlix' to Alive channel
2024-11-18T16:03:25.792Z - info: [ui] [AppStore] adding repository at /home/pedro/Documentos/GitHub/bspwm to store
