2024-11-18 16:06:12.866 [info] [main] Log level: Info
2024-11-18 16:06:12.866 [info] [main] Validating found git in: "git"
2024-11-18 16:06:12.866 [info] [main] Using git "2.47.0" from "git"
2024-11-18 16:06:12.866 [info] [Model][doInitialScan] Initial repository scan started
2024-11-18 16:06:12.866 [info] [Model][doInitialScan] Initial repository scan completed - repositories (0), closed repositories (0), parent repositories (0), unsafe repositories (0)
2024-11-18 16:06:15.016 [info] > git rev-parse --show-toplevel [1ms]
2024-11-18 16:06:15.016 [info] fatal: not a git repository (or any parent up to mount point /)
Stopping at filesystem boundary (GIT_DISCOVERY_ACROSS_FILESYSTEM not set).
2024-11-18 16:07:21.856 [info] [main] Log level: Info
2024-11-18 16:07:21.856 [info] [main] Validating found git in: "git"
2024-11-18 16:07:21.856 [info] [main] Using git "2.47.0" from "git"
2024-11-18 16:07:21.856 [info] [Model][doInitialScan] Initial repository scan started
2024-11-18 16:07:21.856 [info] > git rev-parse --show-toplevel [6ms]
2024-11-18 16:07:21.856 [info] fatal: not a git repository (or any parent up to mount point /)
Stopping at filesystem boundary (GIT_DISCOVERY_ACROSS_FILESYSTEM not set).
2024-11-18 16:07:21.859 [info] > git rev-parse --show-toplevel [0ms]
2024-11-18 16:07:21.859 [info] fatal: not a git repository (or any parent up to mount point /)
Stopping at filesystem boundary (GIT_DISCOVERY_ACROSS_FILESYSTEM not set).
2024-11-18 16:07:21.862 [info] > git rev-parse --show-toplevel [0ms]
2024-11-18 16:07:21.862 [info] fatal: not a git repository (or any parent up to mount point /)
Stopping at filesystem boundary (GIT_DISCOVERY_ACROSS_FILESYSTEM not set).
2024-11-18 16:07:21.865 [info] > git rev-parse --show-toplevel [1ms]
2024-11-18 16:07:21.865 [info] fatal: not a git repository (or any parent up to mount point /)
Stopping at filesystem boundary (GIT_DISCOVERY_ACROSS_FILESYSTEM not set).
2024-11-18 16:07:21.867 [info] > git rev-parse --show-toplevel [0ms]
2024-11-18 16:07:21.867 [info] fatal: not a git repository (or any parent up to mount point /)
Stopping at filesystem boundary (GIT_DISCOVERY_ACROSS_FILESYSTEM not set).
2024-11-18 16:07:21.870 [info] > git rev-parse --show-toplevel [1ms]
2024-11-18 16:07:21.870 [info] fatal: not a git repository (or any parent up to mount point /)
Stopping at filesystem boundary (GIT_DISCOVERY_ACROSS_FILESYSTEM not set).
2024-11-18 16:07:21.873 [info] > git rev-parse --show-toplevel [1ms]
2024-11-18 16:07:21.873 [info] fatal: not a git repository (or any parent up to mount point /)
Stopping at filesystem boundary (GIT_DISCOVERY_ACROSS_FILESYSTEM not set).
2024-11-18 16:07:21.875 [info] > git rev-parse --show-toplevel [0ms]
2024-11-18 16:07:21.875 [info] fatal: not a git repository (or any parent up to mount point /)
Stopping at filesystem boundary (GIT_DISCOVERY_ACROSS_FILESYSTEM not set).
2024-11-18 16:07:21.876 [info] [Model][doInitialScan] Initial repository scan completed - repositories (0), closed repositories (0), parent repositories (0), unsafe repositories (0)
2024-11-18 16:07:22.207 [info] > git rev-parse --show-toplevel [1ms]
2024-11-18 16:07:22.207 [info] fatal: not a git repository (or any parent up to mount point /)
Stopping at filesystem boundary (GIT_DISCOVERY_ACROSS_FILESYSTEM not set).
2024-11-18 16:07:24.795 [info] > git rev-parse --show-toplevel [1ms]
2024-11-18 16:07:24.795 [info] fatal: not a git repository (or any parent up to mount point /)
Stopping at filesystem boundary (GIT_DISCOVERY_ACROSS_FILESYSTEM not set).
2024-11-18 16:07:32.096 [info] > git rev-parse --show-toplevel [1ms]
2024-11-18 16:07:32.096 [info] fatal: not a git repository (or any parent up to mount point /)
Stopping at filesystem boundary (GIT_DISCOVERY_ACROSS_FILESYSTEM not set).
2024-11-18 16:07:34.170 [info] > git rev-parse --show-toplevel [0ms]
2024-11-18 16:07:34.170 [info] fatal: not a git repository (or any parent up to mount point /)
Stopping at filesystem boundary (GIT_DISCOVERY_ACROSS_FILESYSTEM not set).
2024-11-18 16:07:42.632 [info] > git rev-parse --show-toplevel [1ms]
2024-11-18 16:07:42.632 [info] fatal: not a git repository (or any parent up to mount point /)
Stopping at filesystem boundary (GIT_DISCOVERY_ACROSS_FILESYSTEM not set).
2024-11-18 16:07:47.782 [info] > git rev-parse --show-toplevel [0ms]
2024-11-18 16:07:47.782 [info] fatal: not a git repository (or any parent up to mount point /)
Stopping at filesystem boundary (GIT_DISCOVERY_ACROSS_FILESYSTEM not set).
2024-11-18 16:07:49.719 [info] > git rev-parse --show-toplevel [1ms]
2024-11-18 16:07:49.719 [info] fatal: not a git repository (or any parent up to mount point /)
Stopping at filesystem boundary (GIT_DISCOVERY_ACROSS_FILESYSTEM not set).
2024-11-18 16:07:51.915 [info] > git rev-parse --show-toplevel [1ms]
2024-11-18 16:07:51.915 [info] fatal: not a git repository (or any parent up to mount point /)
Stopping at filesystem boundary (GIT_DISCOVERY_ACROSS_FILESYSTEM not set).
2024-11-18 16:07:52.880 [info] > git rev-parse --show-toplevel [1ms]
2024-11-18 16:07:52.880 [info] fatal: not a git repository (or any parent up to mount point /)
Stopping at filesystem boundary (GIT_DISCOVERY_ACROSS_FILESYSTEM not set).
2024-11-18 16:07:54.260 [info] > git rev-parse --show-toplevel [1ms]
2024-11-18 16:07:54.260 [info] fatal: not a git repository (or any parent up to mount point /)
Stopping at filesystem boundary (GIT_DISCOVERY_ACROSS_FILESYSTEM not set).
2024-11-18 16:07:55.066 [info] > git rev-parse --show-toplevel [0ms]
2024-11-18 16:07:55.066 [info] fatal: not a git repository (or any parent up to mount point /)
Stopping at filesystem boundary (GIT_DISCOVERY_ACROSS_FILESYSTEM not set).
2024-11-18 16:07:56.174 [info] > git rev-parse --show-toplevel [1ms]
2024-11-18 16:07:56.174 [info] fatal: not a git repository (or any parent up to mount point /)
Stopping at filesystem boundary (GIT_DISCOVERY_ACROSS_FILESYSTEM not set).
2024-11-18 16:07:56.556 [info] > git rev-parse --show-toplevel [1ms]
2024-11-18 16:07:56.556 [info] fatal: not a git repository (or any parent up to mount point /)
Stopping at filesystem boundary (GIT_DISCOVERY_ACROSS_FILESYSTEM not set).
2024-11-18 16:07:56.853 [info] > git rev-parse --show-toplevel [0ms]
2024-11-18 16:07:56.853 [info] fatal: not a git repository (or any parent up to mount point /)
Stopping at filesystem boundary (GIT_DISCOVERY_ACROSS_FILESYSTEM not set).
2024-11-18 16:07:57.153 [info] > git rev-parse --show-toplevel [0ms]
2024-11-18 16:07:57.153 [info] fatal: not a git repository (or any parent up to mount point /)
Stopping at filesystem boundary (GIT_DISCOVERY_ACROSS_FILESYSTEM not set).
2024-11-18 16:07:57.465 [info] > git rev-parse --show-toplevel [0ms]
2024-11-18 16:07:57.466 [info] fatal: not a git repository (or any parent up to mount point /)
Stopping at filesystem boundary (GIT_DISCOVERY_ACROSS_FILESYSTEM not set).
2024-11-18 16:07:58.012 [info] > git rev-parse --show-toplevel [1ms]
2024-11-18 16:07:58.012 [info] fatal: not a git repository (or any parent up to mount point /)
Stopping at filesystem boundary (GIT_DISCOVERY_ACROSS_FILESYSTEM not set).
2024-11-18 16:07:58.535 [info] > git rev-parse --show-toplevel [1ms]
2024-11-18 16:07:58.535 [info] fatal: not a git repository (or any parent up to mount point /)
Stopping at filesystem boundary (GIT_DISCOVERY_ACROSS_FILESYSTEM not set).
2024-11-18 16:07:59.996 [info] > git rev-parse --show-toplevel [1ms]
2024-11-18 16:07:59.996 [info] fatal: not a git repository (or any parent up to mount point /)
Stopping at filesystem boundary (GIT_DISCOVERY_ACROSS_FILESYSTEM not set).
2024-11-18 16:08:00.603 [info] > git rev-parse --show-toplevel [1ms]
2024-11-18 16:08:00.603 [info] fatal: not a git repository (or any parent up to mount point /)
Stopping at filesystem boundary (GIT_DISCOVERY_ACROSS_FILESYSTEM not set).
2024-11-18 16:08:01.353 [info] > git rev-parse --show-toplevel [1ms]
2024-11-18 16:08:01.353 [info] fatal: not a git repository (or any parent up to mount point /)
Stopping at filesystem boundary (GIT_DISCOVERY_ACROSS_FILESYSTEM not set).
2024-11-18 16:08:01.791 [info] > git rev-parse --show-toplevel [0ms]
2024-11-18 16:08:01.791 [info] fatal: not a git repository (or any parent up to mount point /)
Stopping at filesystem boundary (GIT_DISCOVERY_ACROSS_FILESYSTEM not set).
2024-11-18 16:08:02.185 [info] > git rev-parse --show-toplevel [1ms]
2024-11-18 16:08:02.185 [info] fatal: not a git repository (or any parent up to mount point /)
Stopping at filesystem boundary (GIT_DISCOVERY_ACROSS_FILESYSTEM not set).
2024-11-18 16:08:05.616 [info] > git rev-parse --show-toplevel [1ms]
2024-11-18 16:08:05.616 [info] fatal: not a git repository (or any parent up to mount point /)
Stopping at filesystem boundary (GIT_DISCOVERY_ACROSS_FILESYSTEM not set).
2024-11-18 16:08:06.181 [info] > git rev-parse --show-toplevel [1ms]
2024-11-18 16:08:06.181 [info] fatal: not a git repository (or any parent up to mount point /)
Stopping at filesystem boundary (GIT_DISCOVERY_ACROSS_FILESYSTEM not set).
2024-11-18 16:08:07.133 [info] > git rev-parse --show-toplevel [1ms]
2024-11-18 16:08:07.133 [info] fatal: not a git repository (or any parent up to mount point /)
Stopping at filesystem boundary (GIT_DISCOVERY_ACROSS_FILESYSTEM not set).
2024-11-18 16:08:11.297 [info] > git rev-parse --show-toplevel [1ms]
2024-11-18 16:08:11.297 [info] fatal: not a git repository (or any parent up to mount point /)
Stopping at filesystem boundary (GIT_DISCOVERY_ACROSS_FILESYSTEM not set).
2024-11-18 16:08:11.621 [info] > git rev-parse --show-toplevel [1ms]
2024-11-18 16:08:11.621 [info] fatal: not a git repository (or any parent up to mount point /)
Stopping at filesystem boundary (GIT_DISCOVERY_ACROSS_FILESYSTEM not set).
2024-11-18 16:08:12.241 [info] > git rev-parse --show-toplevel [1ms]
2024-11-18 16:08:12.241 [info] fatal: not a git repository (or any parent up to mount point /)
Stopping at filesystem boundary (GIT_DISCOVERY_ACROSS_FILESYSTEM not set).
2024-11-18 16:10:59.009 [info] > git rev-parse --show-toplevel [1ms]
2024-11-18 16:10:59.009 [info] fatal: not a git repository (or any parent up to mount point /)
Stopping at filesystem boundary (GIT_DISCOVERY_ACROSS_FILESYSTEM not set).
2024-11-18 16:11:00.439 [info] > git rev-parse --show-toplevel [1ms]
2024-11-18 16:11:00.439 [info] fatal: not a git repository (or any parent up to mount point /)
Stopping at filesystem boundary (GIT_DISCOVERY_ACROSS_FILESYSTEM not set).
2024-11-18 16:11:05.321 [info] > git rev-parse --show-toplevel [0ms]
2024-11-18 16:11:05.321 [info] fatal: not a git repository (or any parent up to mount point /)
Stopping at filesystem boundary (GIT_DISCOVERY_ACROSS_FILESYSTEM not set).
2024-11-18 16:11:07.166 [info] > git rev-parse --show-toplevel [1ms]
2024-11-18 16:11:07.166 [info] fatal: not a git repository (or any parent up to mount point /)
Stopping at filesystem boundary (GIT_DISCOVERY_ACROSS_FILESYSTEM not set).
2024-11-18 16:12:08.789 [info] > git rev-parse --show-toplevel [1ms]
2024-11-18 16:12:08.789 [info] fatal: not a git repository (or any parent up to mount point /)
Stopping at filesystem boundary (GIT_DISCOVERY_ACROSS_FILESYSTEM not set).
2024-11-18 16:12:50.186 [info] > git rev-parse --show-toplevel [1ms]
2024-11-18 16:12:50.186 [info] fatal: not a git repository (or any parent up to mount point /)
Stopping at filesystem boundary (GIT_DISCOVERY_ACROSS_FILESYSTEM not set).
2024-11-18 16:12:51.682 [info] > git rev-parse --show-toplevel [2ms]
2024-11-18 16:12:51.682 [info] fatal: not a git repository (or any parent up to mount point /)
Stopping at filesystem boundary (GIT_DISCOVERY_ACROSS_FILESYSTEM not set).
2024-11-18 16:13:19.040 [info] > git rev-parse --show-toplevel [1ms]
2024-11-18 16:13:19.040 [info] fatal: not a git repository (or any parent up to mount point /)
Stopping at filesystem boundary (GIT_DISCOVERY_ACROSS_FILESYSTEM not set).
2024-11-18 16:13:22.443 [info] > git rev-parse --show-toplevel [1ms]
2024-11-18 16:13:22.443 [info] fatal: not a git repository (or any parent up to mount point /)
Stopping at filesystem boundary (GIT_DISCOVERY_ACROSS_FILESYSTEM not set).
2024-11-18 16:13:26.635 [info] > git rev-parse --show-toplevel [0ms]
2024-11-18 16:13:26.635 [info] fatal: not a git repository (or any parent up to mount point /)
Stopping at filesystem boundary (GIT_DISCOVERY_ACROSS_FILESYSTEM not set).
2024-11-18 16:13:37.734 [info] > git rev-parse --show-toplevel [1ms]
2024-11-18 16:13:37.734 [info] fatal: not a git repository (or any parent up to mount point /)
Stopping at filesystem boundary (GIT_DISCOVERY_ACROSS_FILESYSTEM not set).
2024-11-18 16:14:38.637 [info] > git rev-parse --show-toplevel [0ms]
2024-11-18 16:14:38.637 [info] fatal: not a git repository (or any parent up to mount point /)
Stopping at filesystem boundary (GIT_DISCOVERY_ACROSS_FILESYSTEM not set).
2024-11-18 16:15:36.133 [info] > git rev-parse --show-toplevel [0ms]
2024-11-18 16:15:36.133 [info] fatal: not a git repository (or any parent up to mount point /)
Stopping at filesystem boundary (GIT_DISCOVERY_ACROSS_FILESYSTEM not set).
2024-11-18 16:15:54.358 [info] > git rev-parse --show-toplevel [1ms]
2024-11-18 16:15:54.358 [info] fatal: not a git repository (or any parent up to mount point /)
Stopping at filesystem boundary (GIT_DISCOVERY_ACROSS_FILESYSTEM not set).
2024-11-18 16:15:54.361 [info] > git rev-parse --show-toplevel [1ms]
2024-11-18 16:15:54.361 [info] fatal: not a git repository (or any parent up to mount point /)
Stopping at filesystem boundary (GIT_DISCOVERY_ACROSS_FILESYSTEM not set).
2024-11-18 16:16:08.794 [info] > git rev-parse --show-toplevel [1ms]
2024-11-18 16:16:08.794 [info] fatal: not a git repository (or any parent up to mount point /)
Stopping at filesystem boundary (GIT_DISCOVERY_ACROSS_FILESYSTEM not set).
2024-11-18 16:16:08.802 [info] > git rev-parse --show-toplevel [0ms]
2024-11-18 16:16:08.802 [info] fatal: not a git repository (or any parent up to mount point /)
Stopping at filesystem boundary (GIT_DISCOVERY_ACROSS_FILESYSTEM not set).
2024-11-18 16:16:08.806 [info] > git rev-parse --show-toplevel [1ms]
2024-11-18 16:16:08.806 [info] fatal: not a git repository (or any parent up to mount point /)
Stopping at filesystem boundary (GIT_DISCOVERY_ACROSS_FILESYSTEM not set).
2024-11-18 16:19:25.655 [info] > git rev-parse --show-toplevel [1ms]
2024-11-18 16:19:25.655 [info] fatal: not a git repository (or any parent up to mount point /)
Stopping at filesystem boundary (GIT_DISCOVERY_ACROSS_FILESYSTEM not set).
2024-11-18 16:19:25.667 [info] > git rev-parse --show-toplevel [1ms]
2024-11-18 16:19:25.667 [info] fatal: not a git repository (or any parent up to mount point /)
Stopping at filesystem boundary (GIT_DISCOVERY_ACROSS_FILESYSTEM not set).
2024-11-18 16:19:25.671 [info] > git rev-parse --show-toplevel [0ms]
2024-11-18 16:19:25.671 [info] fatal: not a git repository (or any parent up to mount point /)
Stopping at filesystem boundary (GIT_DISCOVERY_ACROSS_FILESYSTEM not set).
2024-11-18 16:19:28.236 [info] > git rev-parse --show-toplevel [0ms]
2024-11-18 16:19:28.236 [info] fatal: not a git repository (or any parent up to mount point /)
Stopping at filesystem boundary (GIT_DISCOVERY_ACROSS_FILESYSTEM not set).
2024-11-18 16:19:28.244 [info] > git rev-parse --show-toplevel [0ms]
2024-11-18 16:19:28.244 [info] fatal: not a git repository (or any parent up to mount point /)
Stopping at filesystem boundary (GIT_DISCOVERY_ACROSS_FILESYSTEM not set).
2024-11-18 16:19:28.248 [info] > git rev-parse --show-toplevel [1ms]
2024-11-18 16:19:28.248 [info] fatal: not a git repository (or any parent up to mount point /)
Stopping at filesystem boundary (GIT_DISCOVERY_ACROSS_FILESYSTEM not set).
2024-11-18 16:21:54.267 [info] > git rev-parse --show-toplevel [0ms]
2024-11-18 16:21:54.267 [info] fatal: not a git repository (or any parent up to mount point /)
Stopping at filesystem boundary (GIT_DISCOVERY_ACROSS_FILESYSTEM not set).
2024-11-18 16:21:54.274 [info] > git rev-parse --show-toplevel [1ms]
2024-11-18 16:21:54.274 [info] fatal: not a git repository (or any parent up to mount point /)
Stopping at filesystem boundary (GIT_DISCOVERY_ACROSS_FILESYSTEM not set).
2024-11-18 16:21:54.277 [info] > git rev-parse --show-toplevel [1ms]
2024-11-18 16:21:54.277 [info] fatal: not a git repository (or any parent up to mount point /)
Stopping at filesystem boundary (GIT_DISCOVERY_ACROSS_FILESYSTEM not set).
2024-11-18 16:21:58.458 [info] > git rev-parse --show-toplevel [0ms]
2024-11-18 16:21:58.458 [info] fatal: not a git repository (or any parent up to mount point /)
Stopping at filesystem boundary (GIT_DISCOVERY_ACROSS_FILESYSTEM not set).
2024-11-18 16:22:12.169 [info] > git rev-parse --show-toplevel [0ms]
2024-11-18 16:22:12.169 [info] fatal: not a git repository (or any parent up to mount point /)
Stopping at filesystem boundary (GIT_DISCOVERY_ACROSS_FILESYSTEM not set).
