2024-11-18 16:23:45.282 [info] [main] Log level: Info
2024-11-18 16:23:45.282 [info] [main] Validating found git in: "git"
2024-11-18 16:23:45.282 [info] [main] Using git "2.47.0" from "git"
2024-11-18 16:23:45.282 [info] [Model][doInitialScan] Initial repository scan started
2024-11-18 16:23:45.282 [info] > git rev-parse --show-toplevel [2ms]
2024-11-18 16:23:45.282 [info] fatal: not a git repository (or any parent up to mount point /)
Stopping at filesystem boundary (GIT_DISCOVERY_ACROSS_FILESYSTEM not set).
2024-11-18 16:23:45.282 [info] > git rev-parse --show-toplevel [4ms]
2024-11-18 16:23:45.282 [info] fatal: not a git repository (or any parent up to mount point /)
Stopping at filesystem boundary (GIT_DISCOVERY_ACROSS_FILESYSTEM not set).
2024-11-18 16:23:45.286 [info] > git rev-parse --show-toplevel [1ms]
2024-11-18 16:23:45.286 [info] fatal: not a git repository (or any parent up to mount point /)
Stopping at filesystem boundary (GIT_DISCOVERY_ACROSS_FILESYSTEM not set).
2024-11-18 16:23:45.291 [info] > git rev-parse --show-toplevel [3ms]
2024-11-18 16:23:45.291 [info] fatal: not a git repository (or any parent up to mount point /)
Stopping at filesystem boundary (GIT_DISCOVERY_ACROSS_FILESYSTEM not set).
2024-11-18 16:23:45.296 [info] > git rev-parse --show-toplevel [1ms]
2024-11-18 16:23:45.296 [info] fatal: not a git repository (or any parent up to mount point /)
Stopping at filesystem boundary (GIT_DISCOVERY_ACROSS_FILESYSTEM not set).
2024-11-18 16:23:45.299 [info] > git rev-parse --show-toplevel [0ms]
2024-11-18 16:23:45.299 [info] fatal: not a git repository (or any parent up to mount point /)
Stopping at filesystem boundary (GIT_DISCOVERY_ACROSS_FILESYSTEM not set).
2024-11-18 16:23:45.302 [info] > git rev-parse --show-toplevel [0ms]
2024-11-18 16:23:45.302 [info] fatal: not a git repository (or any parent up to mount point /)
Stopping at filesystem boundary (GIT_DISCOVERY_ACROSS_FILESYSTEM not set).
2024-11-18 16:23:45.306 [info] > git rev-parse --show-toplevel [1ms]
2024-11-18 16:23:45.306 [info] fatal: not a git repository (or any parent up to mount point /)
Stopping at filesystem boundary (GIT_DISCOVERY_ACROSS_FILESYSTEM not set).
2024-11-18 16:23:45.309 [info] > git rev-parse --show-toplevel [0ms]
2024-11-18 16:23:45.309 [info] fatal: not a git repository (or any parent up to mount point /)
Stopping at filesystem boundary (GIT_DISCOVERY_ACROSS_FILESYSTEM not set).
2024-11-18 16:23:45.310 [info] [Model][doInitialScan] Initial repository scan completed - repositories (0), closed repositories (0), parent repositories (0), unsafe repositories (0)
2024-11-18 16:23:45.313 [info] > git rev-parse --show-toplevel [1ms]
2024-11-18 16:23:45.313 [info] fatal: not a git repository (or any parent up to mount point /)
Stopping at filesystem boundary (GIT_DISCOVERY_ACROSS_FILESYSTEM not set).
2024-11-18 16:23:45.322 [info] > git rev-parse --show-toplevel [1ms]
2024-11-18 16:23:45.322 [info] fatal: not a git repository (or any parent up to mount point /)
Stopping at filesystem boundary (GIT_DISCOVERY_ACROSS_FILESYSTEM not set).
2024-11-18 16:23:47.255 [info] > git rev-parse --show-toplevel [1ms]
2024-11-18 16:23:47.255 [info] fatal: not a git repository (or any parent up to mount point /)
Stopping at filesystem boundary (GIT_DISCOVERY_ACROSS_FILESYSTEM not set).
2024-11-18 16:24:01.654 [info] > git rev-parse --show-toplevel [1ms]
2024-11-18 16:24:01.654 [info] fatal: not a git repository (or any parent up to mount point /)
Stopping at filesystem boundary (GIT_DISCOVERY_ACROSS_FILESYSTEM not set).
2024-11-18 16:25:23.337 [info] > git rev-parse --show-toplevel [0ms]
2024-11-18 16:25:23.337 [info] fatal: not a git repository (or any parent up to mount point /)
Stopping at filesystem boundary (GIT_DISCOVERY_ACROSS_FILESYSTEM not set).
2024-11-18 16:25:57.431 [info] > git rev-parse --show-toplevel [0ms]
2024-11-18 16:25:57.431 [info] fatal: not a git repository (or any parent up to mount point /)
Stopping at filesystem boundary (GIT_DISCOVERY_ACROSS_FILESYSTEM not set).
2024-11-18 16:36:23.351 [info] > git rev-parse --show-toplevel [1ms]
2024-11-18 16:36:23.351 [info] fatal: not a git repository (or any parent up to mount point /)
Stopping at filesystem boundary (GIT_DISCOVERY_ACROSS_FILESYSTEM not set).
